2025-05-08T23:27:03.085+05:30  INFO 13148 --- [mule-migration] [restartedMain] c.e.m.MuleMigrationApplication           : Starting MuleMigrationApplication using Java 24 with PID 13148 (C:\Users\kalsa\OneDrive\Documents\Workspace\mule-migration\target\classes started by kalsa in C:\Users\kalsa\OneDrive\Documents\Workspace)
2025-05-08T23:27:03.093+05:30 DEBUG 13148 --- [mule-migration] [restartedMain] c.e.m.MuleMigrationApplication           : Running with Spring Boot v3.4.5, Spring v6.2.6
2025-05-08T23:27:03.095+05:30  INFO 13148 --- [mule-migration] [restartedMain] c.e.m.MuleMigrationApplication           : No active profile set, falling back to 1 default profile: "default"
2025-05-08T23:27:03.316+05:30  INFO 13148 --- [mule-migration] [restartedMain] .e.DevToolsPropertyDefaultsPostProcessor : Devtools property defaults active! Set 'spring.devtools.add-properties' to 'false' to disable
2025-05-08T23:27:03.321+05:30  INFO 13148 --- [mule-migration] [restartedMain] .e.DevToolsPropertyDefaultsPostProcessor : For additional web related logging consider setting the 'logging.level.web' property to 'DEBUG'
2025-05-08T23:27:07.044+05:30  INFO 13148 --- [mule-migration] [restartedMain] o.s.b.w.embedded.tomcat.TomcatWebServer  : Tomcat initialized with port 8080 (http)
2025-05-08T23:27:07.082+05:30  INFO 13148 --- [mule-migration] [restartedMain] o.apache.catalina.core.StandardService   : Starting service [Tomcat]
2025-05-08T23:27:07.085+05:30  INFO 13148 --- [mule-migration] [restartedMain] o.apache.catalina.core.StandardEngine    : Starting Servlet engine: [Apache Tomcat/10.1.40]
2025-05-08T23:27:07.178+05:30  INFO 13148 --- [mule-migration] [restartedMain] o.a.c.c.C.[Tomcat].[localhost].[/]       : Initializing Spring embedded WebApplicationContext
2025-05-08T23:27:07.179+05:30  INFO 13148 --- [mule-migration] [restartedMain] w.s.c.ServletWebServerApplicationContext : Root WebApplicationContext: initialization completed in 3856 ms
2025-05-08T23:27:08.479+05:30  INFO 13148 --- [mule-migration] [restartedMain] o.s.b.d.a.OptionalLiveReloadServer       : LiveReload server is running on port 35729
2025-05-08T23:27:08.606+05:30  INFO 13148 --- [mule-migration] [restartedMain] o.s.b.w.embedded.tomcat.TomcatWebServer  : Tomcat started on port 8080 (http) with context path '/'
2025-05-08T23:27:08.645+05:30  INFO 13148 --- [mule-migration] [restartedMain] c.e.m.MuleMigrationApplication           : Started MuleMigrationApplication in 6.803 seconds (process running for 7.951)
2025-05-08T23:27:08.660+05:30  INFO 13148 --- [mule-migration] [restartedMain] c.e.m.MuleMigrationApplication           : Mule Migration service is started ...
2025-05-08T23:27:08.660+05:30  INFO 13148 --- [mule-migration] [scheduling-1] c.e.m.services.SchedulerService          : Migration Check Executed
2025-05-08T23:27:08.959+05:30  INFO 13148 --- [mule-migration] [http-nio-8080-exec-1] o.a.c.c.C.[Tomcat].[localhost].[/]       : Initializing Spring DispatcherServlet 'dispatcherServlet'
2025-05-08T23:27:08.960+05:30  INFO 13148 --- [mule-migration] [http-nio-8080-exec-1] o.s.web.servlet.DispatcherServlet        : Initializing Servlet 'dispatcherServlet'
2025-05-08T23:27:08.963+05:30  INFO 13148 --- [mule-migration] [http-nio-8080-exec-1] o.s.web.servlet.DispatcherServlet        : Completed initialization in 2 ms
2025-05-08T23:27:09.313+05:30  INFO 13148 --- [mule-migration] [scheduling-1] c.e.m.services.XmlConsumerService        : Consumed Product : Product(productId=983, name= Laptop , price=300083.0) 
2025-05-08T23:27:18.641+05:30  INFO 13148 --- [mule-migration] [scheduling-1] c.e.m.services.SchedulerService          : Migration Check Executed
2025-05-08T23:27:18.646+05:30  INFO 13148 --- [mule-migration] [scheduling-1] c.e.m.services.XmlConsumerService        : Consumed Product : Product(productId=983, name= Laptop , price=300083.0) 
2025-05-08T23:27:28.641+05:30  INFO 13148 --- [mule-migration] [scheduling-1] c.e.m.services.SchedulerService          : Migration Check Executed
2025-05-08T23:27:28.645+05:30  INFO 13148 --- [mule-migration] [scheduling-1] c.e.m.services.XmlConsumerService        : Consumed Product : Product(productId=983, name= Laptop , price=300083.0) 
2025-05-08T23:27:38.643+05:30  INFO 13148 --- [mule-migration] [scheduling-1] c.e.m.services.SchedulerService          : Migration Check Executed
2025-05-08T23:27:38.722+05:30  INFO 13148 --- [mule-migration] [scheduling-1] c.e.m.services.XmlConsumerService        : Consumed Product : Product(productId=983, name= Laptop , price=300083.0) 
2025-05-08T23:27:48.645+05:30  INFO 13148 --- [mule-migration] [scheduling-1] c.e.m.services.SchedulerService          : Migration Check Executed
2025-05-08T23:27:48.655+05:30  INFO 13148 --- [mule-migration] [scheduling-1] c.e.m.services.XmlConsumerService        : Consumed Product : Product(productId=983, name= Laptop , price=300083.0) 
2025-05-08T23:27:58.640+05:30  INFO 13148 --- [mule-migration] [scheduling-1] c.e.m.services.SchedulerService          : Migration Check Executed
2025-05-08T23:27:58.653+05:30  INFO 13148 --- [mule-migration] [scheduling-1] c.e.m.services.XmlConsumerService        : Consumed Product : Product(productId=983, name= Laptop , price=300083.0) 
2025-05-08T23:28:08.653+05:30  INFO 13148 --- [mule-migration] [scheduling-1] c.e.m.services.SchedulerService          : Migration Check Executed
2025-05-08T23:28:08.657+05:30  INFO 13148 --- [mule-migration] [scheduling-1] c.e.m.services.XmlConsumerService        : Consumed Product : Product(productId=983, name= Laptop , price=300083.0) 
2025-05-08T23:28:18.645+05:30  INFO 13148 --- [mule-migration] [scheduling-1] c.e.m.services.SchedulerService          : Migration Check Executed
2025-05-08T23:28:18.652+05:30  INFO 13148 --- [mule-migration] [scheduling-1] c.e.m.services.XmlConsumerService        : Consumed Product : Product(productId=983, name= Laptop , price=300083.0) 
2025-05-08T23:28:28.640+05:30  INFO 13148 --- [mule-migration] [scheduling-1] c.e.m.services.SchedulerService          : Migration Check Executed
2025-05-08T23:28:28.642+05:30  INFO 13148 --- [mule-migration] [scheduling-1] c.e.m.services.XmlConsumerService        : Consumed Product : Product(productId=983, name= Laptop , price=300083.0) 
2025-05-08T23:28:38.652+05:30  INFO 13148 --- [mule-migration] [scheduling-1] c.e.m.services.SchedulerService          : Migration Check Executed
2025-05-08T23:28:38.654+05:30  INFO 13148 --- [mule-migration] [scheduling-1] c.e.m.services.XmlConsumerService        : Consumed Product : Product(productId=983, name= Laptop , price=300083.0) 
2025-05-08T23:28:48.647+05:30  INFO 13148 --- [mule-migration] [scheduling-1] c.e.m.services.SchedulerService          : Migration Check Executed
2025-05-08T23:28:48.655+05:30  INFO 13148 --- [mule-migration] [scheduling-1] c.e.m.services.XmlConsumerService        : Consumed Product : Product(productId=983, name= Laptop , price=300083.0) 
2025-05-08T23:28:58.644+05:30  INFO 13148 --- [mule-migration] [scheduling-1] c.e.m.services.SchedulerService          : Migration Check Executed
2025-05-08T23:28:58.654+05:30  INFO 13148 --- [mule-migration] [scheduling-1] c.e.m.services.XmlConsumerService        : Consumed Product : Product(productId=983, name= Laptop , price=300083.0) 
2025-05-08T23:29:08.655+05:30  INFO 13148 --- [mule-migration] [scheduling-1] c.e.m.services.SchedulerService          : Migration Check Executed
2025-05-08T23:29:08.660+05:30  INFO 13148 --- [mule-migration] [scheduling-1] c.e.m.services.XmlConsumerService        : Consumed Product : Product(productId=983, name= Laptop , price=300083.0) 
2025-05-08T23:29:18.648+05:30  INFO 13148 --- [mule-migration] [scheduling-1] c.e.m.services.SchedulerService          : Migration Check Executed
2025-05-08T23:29:18.653+05:30  INFO 13148 --- [mule-migration] [scheduling-1] c.e.m.services.XmlConsumerService        : Consumed Product : Product(productId=983, name= Laptop , price=300083.0) 
2025-05-08T23:29:28.640+05:30  INFO 13148 --- [mule-migration] [scheduling-1] c.e.m.services.SchedulerService          : Migration Check Executed
2025-05-08T23:29:28.644+05:30  INFO 13148 --- [mule-migration] [scheduling-1] c.e.m.services.XmlConsumerService        : Consumed Product : Product(productId=983, name= Laptop , price=300083.0) 
2025-05-08T23:29:38.640+05:30  INFO 13148 --- [mule-migration] [scheduling-1] c.e.m.services.SchedulerService          : Migration Check Executed
2025-05-08T23:29:38.648+05:30  INFO 13148 --- [mule-migration] [scheduling-1] c.e.m.services.XmlConsumerService        : Consumed Product : Product(productId=983, name= Laptop , price=300083.0) 
2025-05-08T23:29:48.640+05:30  INFO 13148 --- [mule-migration] [scheduling-1] c.e.m.services.SchedulerService          : Migration Check Executed
2025-05-08T23:29:48.644+05:30  INFO 13148 --- [mule-migration] [scheduling-1] c.e.m.services.XmlConsumerService        : Consumed Product : Product(productId=983, name= Laptop , price=300083.0) 
2025-05-08T23:29:58.639+05:30  INFO 13148 --- [mule-migration] [scheduling-1] c.e.m.services.SchedulerService          : Migration Check Executed
2025-05-08T23:29:58.643+05:30  INFO 13148 --- [mule-migration] [scheduling-1] c.e.m.services.XmlConsumerService        : Consumed Product : Product(productId=983, name= Laptop , price=300083.0) 
2025-05-08T23:30:08.641+05:30  INFO 13148 --- [mule-migration] [scheduling-1] c.e.m.services.SchedulerService          : Migration Check Executed
2025-05-08T23:30:08.647+05:30  INFO 13148 --- [mule-migration] [scheduling-1] c.e.m.services.XmlConsumerService        : Consumed Product : Product(productId=983, name= Laptop , price=300083.0) 
2025-05-08T23:30:18.642+05:30  INFO 13148 --- [mule-migration] [scheduling-1] c.e.m.services.SchedulerService          : Migration Check Executed
2025-05-08T23:30:18.647+05:30  INFO 13148 --- [mule-migration] [scheduling-1] c.e.m.services.XmlConsumerService        : Consumed Product : Product(productId=983, name= Laptop , price=300083.0) 
